# JRE version: Java(TM) SE Runtime Environment (8.0_291-b10) (build 1.8.0_291-b10)
# Java VM: Java HotSpot(TM) 64-Bit Server VM (25.291-b10 mixed mode windows-amd64 compressed oops)
Heap:
 PSYoungGen      total 578560K, used 399551K [0x0000000715b00000, 0x0000000741c80000, 0x00000007c0000000)
  eden space 465408K, 85% used [0x0000000715b00000,0x000000072e047cf8,0x0000000732180000)
  from space 113152K, 0% used [0x000000073ae00000,0x000000073aee8000,0x0000000741c80000)
  to   space 128512K, 0% used [0x0000000732180000,0x0000000732180000,0x0000000739f00000)
 ParOldGen       total 412160K, used 203829K [0x00000005c1000000, 0x00000005da280000, 0x0000000715b00000)
  object space 412160K, 49% used [0x00000005c1000000,0x00000005cd70d430,0x00000005da280000)
 Metaspace       used 23330K, capacity 24002K, committed 24320K, reserved 1071104K
  class space    used 2843K, capacity 2992K, committed 3072K, reserved 1048576K
GC Heap History (10 events):
Event: 7.335 GC heap before
{Heap before GC invocations=4 (full 1):
 PSYoungGen      total 153088K, used 117804K [0x0000000715b00000, 0x0000000720580000, 0x00000007c0000000)
  eden space 131584K, 73% used [0x0000000715b00000,0x000000071b910168,0x000000071db80000)
  from space 21504K, 99% used [0x000000071f080000,0x000000072057b270,0x0000000720580000)
  to   space 21504K, 0% used [0x000000071db80000,0x000000071db80000,0x000000071f080000)
 ParOldGen       total 137216K, used 48490K [0x00000005c1000000, 0x00000005c9600000, 0x0000000715b00000)
  object space 137216K, 35% used [0x00000005c1000000,0x00000005c3f5a878,0x00000005c9600000)
 Metaspace       used 22271K, capacity 22818K, committed 23088K, reserved 1069056K
  class space    used 2728K, capacity 2854K, committed 2944K, reserved 1048576K
Event: 7.360 GC heap after
Heap after GC invocations=4 (full 1):
 PSYoungGen      total 153088K, used 21484K [0x0000000715b00000, 0x0000000728500000, 0x00000007c0000000)
  eden space 131584K, 0% used [0x0000000715b00000,0x0000000715b00000,0x000000071db80000)
  from space 21504K, 99% used [0x000000071db80000,0x000000071f07b270,0x000000071f080000)
  to   space 21504K, 0% used [0x0000000727000000,0x0000000727000000,0x0000000728500000)
 ParOldGen       total 183296K, used 140681K [0x00000005c1000000, 0x00000005cc300000, 0x0000000715b00000)
  object space 183296K, 76% used [0x00000005c1000000,0x00000005c9962408,0x00000005cc300000)
 Metaspace       used 22271K, capacity 22818K, committed 23088K, reserved 1069056K
  class space    used 2728K, capacity 2854K, committed 2944K, reserved 1048576K
}
Event: 7.360 GC heap before
{Heap before GC invocations=5 (full 2):
 PSYoungGen      total 153088K, used 21484K [0x0000000715b00000, 0x0000000728500000, 0x00000007c0000000)
  eden space 131584K, 0% used [0x0000000715b00000,0x0000000715b00000,0x000000071db80000)
  from space 21504K, 99% used [0x000000071db80000,0x000000071f07b270,0x000000071f080000)
  to   space 21504K, 0% used [0x0000000727000000,0x0000000727000000,0x0000000728500000)
 ParOldGen       total 183296K, used 140681K [0x00000005c1000000, 0x00000005cc300000, 0x0000000715b00000)
  object space 183296K, 76% used [0x00000005c1000000,0x00000005c9962408,0x00000005cc300000)
 Metaspace       used 22271K, capacity 22818K, committed 23088K, reserved 1069056K
  class space    used 2728K, capacity 2854K, committed 2944K, reserved 1048576K
Event: 7.400 GC heap after
Heap after GC invocations=5 (full 2):
 PSYoungGen      total 153088K, used 0K [0x0000000715b00000, 0x0000000728500000, 0x00000007c0000000)
  eden space 131584K, 0% used [0x0000000715b00000,0x0000000715b00000,0x000000071db80000)
  from space 21504K, 0% used [0x000000071db80000,0x000000071db80000,0x000000071f080000)
  to   space 21504K, 0% used [0x0000000727000000,0x0000000727000000,0x0000000728500000)
 ParOldGen       total 412160K, used 157827K [0x00000005c1000000, 0x00000005da280000, 0x0000000715b00000)
  object space 412160K, 38% used [0x00000005c1000000,0x00000005caa20ed0,0x00000005da280000)
 Metaspace       used 22271K, capacity 22818K, committed 23088K, reserved 1069056K
  class space    used 2728K, capacity 2854K, committed 2944K, reserved 1048576K
}
Event: 25.130 GC heap before
{Heap before GC invocations=6 (full 2):
 PSYoungGen      total 153088K, used 131584K [0x0000000715b00000, 0x0000000728500000, 0x00000007c0000000)
  eden space 131584K, 100% used [0x0000000715b00000,0x000000071db80000,0x000000071db80000)
  from space 21504K, 0% used [0x000000071db80000,0x000000071db80000,0x000000071f080000)
  to   space 21504K, 0% used [0x0000000727000000,0x0000000727000000,0x0000000728500000)
 ParOldGen       total 412160K, used 157827K [0x00000005c1000000, 0x00000005da280000, 0x0000000715b00000)
  object space 412160K, 38% used [0x00000005c1000000,0x00000005caa20ed0,0x00000005da280000)
 Metaspace       used 23276K, capacity 23930K, committed 24064K, reserved 1071104K
  class space    used 2838K, capacity 2990K, committed 3072K, reserved 1048576K
Event: 25.146 GC heap after
Heap after GC invocations=6 (full 2):
 PSYoungGen      total 262144K, used 1024K [0x0000000715b00000, 0x0000000727a80000, 0x00000007c0000000)
  eden space 251392K, 0% used [0x0000000715b00000,0x0000000715b00000,0x0000000725080000)
  from space 10752K, 9% used [0x0000000727000000,0x0000000727100000,0x0000000727a80000)
  to   space 21504K, 0% used [0x0000000725080000,0x0000000725080000,0x0000000726580000)
 ParOldGen       total 412160K, used 203813K [0x00000005c1000000, 0x00000005da280000, 0x0000000715b00000)
  object space 412160K, 49% used [0x00000005c1000000,0x00000005cd709430,0x00000005da280000)
 Metaspace       used 23276K, capacity 23930K, committed 24064K, reserved 1071104K
  class space    used 2838K, capacity 2990K, committed 3072K, reserved 1048576K
}
Event: 62.477 GC heap before
{Heap before GC invocations=7 (full 2):
 PSYoungGen      total 262144K, used 252416K [0x0000000715b00000, 0x0000000727a80000, 0x00000007c0000000)
  eden space 251392K, 100% used [0x0000000715b00000,0x0000000725080000,0x0000000725080000)
  from space 10752K, 9% used [0x0000000727000000,0x0000000727100000,0x0000000727a80000)
  to   space 21504K, 0% used [0x0000000725080000,0x0000000725080000,0x0000000726580000)
 ParOldGen       total 412160K, used 203813K [0x00000005c1000000, 0x00000005da280000, 0x0000000715b00000)
  object space 412160K, 49% used [0x00000005c1000000,0x00000005cd709430,0x00000005da280000)
 Metaspace       used 23304K, capacity 24002K, committed 24320K, reserved 1071104K
  class space    used 2842K, capacity 2992K, committed 3072K, reserved 1048576K
Event: 62.479 GC heap after
Heap after GC invocations=7 (full 2):
 PSYoungGen      total 272896K, used 960K [0x0000000715b00000, 0x0000000743200000, 0x00000007c0000000)
  eden space 251392K, 0% used [0x0000000715b00000,0x0000000715b00000,0x0000000725080000)
  from space 21504K, 4% used [0x0000000725080000,0x0000000725170000,0x0000000726580000)
  to   space 135168K, 0% used [0x000000073ae00000,0x000000073ae00000,0x0000000743200000)
 ParOldGen       total 412160K, used 203821K [0x00000005c1000000, 0x00000005da280000, 0x0000000715b00000)
  object space 412160K, 49% used [0x00000005c1000000,0x00000005cd70b430,0x00000005da280000)
 Metaspace       used 23304K, capacity 24002K, committed 24320K, reserved 1071104K
  class space    used 2842K, capacity 2992K, committed 3072K, reserved 1048576K
}
Event: 95.039 GC heap before
{Heap before GC invocations=8 (full 2):
 PSYoungGen      total 272896K, used 252352K [0x0000000715b00000, 0x0000000743200000, 0x00000007c0000000)
  eden space 251392K, 100% used [0x0000000715b00000,0x0000000725080000,0x0000000725080000)
  from space 21504K, 4% used [0x0000000725080000,0x0000000725170000,0x0000000726580000)
  to   space 135168K, 0% used [0x000000073ae00000,0x000000073ae00000,0x0000000743200000)
 ParOldGen       total 412160K, used 203821K [0x00000005c1000000, 0x00000005da280000, 0x0000000715b00000)
  object space 412160K, 49% used [0x00000005c1000000,0x00000005cd70b430,0x00000005da280000)
 Metaspace       used 23316K, capacity 24002K, committed 24320K, reserved 1071104K
  class space    used 2843K, capacity 2992K, committed 3072K, reserved 1048576K
Event: 95.041 GC heap after
Heap after GC invocations=8 (full 2):
 PSYoungGen      total 578560K, used 928K [0x0000000715b00000, 0x0000000741c80000, 0x00000007c0000000)
  eden space 465408K, 0% used [0x0000000715b00000,0x0000000715b00000,0x0000000732180000)
  from space 113152K, 0% used [0x000000073ae00000,0x000000073aee8000,0x0000000741c80000)
  to   space 128512K, 0% used [0x0000000732180000,0x0000000732180000,0x0000000739f00000)
 ParOldGen       total 412160K, used 203829K [0x00000005c1000000, 0x00000005da280000, 0x0000000715b00000)
  object space 412160K, 49% used [0x00000005c1000000,0x00000005cd70d430,0x00000005da280000)
 Metaspace       used 23316K, capacity 24002K, committed 24320K, reserved 1071104K
  class space    used 2843K, capacity 2992K, committed 3072K, reserved 1048576K
}

