# JRE version: Java(TM) SE Runtime Environment (8.0_291-b10) (build 1.8.0_291-b10)
# Java VM: Java HotSpot(TM) 64-Bit Server VM (25.291-b10 mixed mode windows-amd64 compressed oops)
Heap:
 PSYoungGen      total 153600K, used 125016K [0x0000000715b00000, 0x0000000721300000, 0x00000007c0000000)
  eden space 128000K, 97% used [0x0000000715b00000,0x000000071d4be320,0x000000071d800000)
  from space 25600K, 1% used [0x000000071fa00000,0x000000071fa58000,0x0000000721300000)
  to   space 30208K, 0% used [0x000000071d800000,0x000000071d800000,0x000000071f580000)
 ParOldGen       total 430592K, used 204877K [0x00000005c1000000, 0x00000005db480000, 0x0000000715b00000)
  object space 430592K, 47% used [0x00000005c1000000,0x00000005cd813638,0x00000005db480000)
 Metaspace       used 22896K, capacity 23622K, committed 23808K, reserved 1071104K
  class space    used 2814K, capacity 3012K, committed 3072K, reserved 1048576K
GC Heap History (10 events):
Event: 417.256 GC heap before
{Heap before GC invocations=22 (full 2):
 PSYoungGen      total 140800K, used 140672K [0x0000000715b00000, 0x0000000723900000, 0x00000007c0000000)
  eden space 140288K, 100% used [0x0000000715b00000,0x000000071e400000,0x000000071e400000)
  from space 512K, 75% used [0x000000071e680000,0x000000071e6e0000,0x000000071e700000)
  to   space 43520K, 0% used [0x0000000720e80000,0x0000000720e80000,0x0000000723900000)
 ParOldGen       total 430592K, used 204597K [0x00000005c1000000, 0x00000005db480000, 0x0000000715b00000)
  object space 430592K, 47% used [0x00000005c1000000,0x00000005cd7cd638,0x00000005db480000)
 Metaspace       used 22873K, capacity 23622K, committed 23808K, reserved 1071104K
  class space    used 2813K, capacity 3012K, committed 3072K, reserved 1048576K
Event: 417.257 GC heap after
Heap after GC invocations=22 (full 2):
 PSYoungGen      total 172544K, used 416K [0x0000000715b00000, 0x0000000723080000, 0x00000007c0000000)
  eden space 137728K, 0% used [0x0000000715b00000,0x0000000715b00000,0x000000071e180000)
  from space 34816K, 1% used [0x0000000720e80000,0x0000000720ee8000,0x0000000723080000)
  to   space 40448K, 0% used [0x000000071e180000,0x000000071e180000,0x0000000720900000)
 ParOldGen       total 430592K, used 204669K [0x00000005c1000000, 0x00000005db480000, 0x0000000715b00000)
  object space 430592K, 47% used [0x00000005c1000000,0x00000005cd7df638,0x00000005db480000)
 Metaspace       used 22873K, capacity 23622K, committed 23808K, reserved 1071104K
  class space    used 2813K, capacity 3012K, committed 3072K, reserved 1048576K
}
Event: 421.265 GC heap before
{Heap before GC invocations=23 (full 2):
 PSYoungGen      total 172544K, used 138144K [0x0000000715b00000, 0x0000000723080000, 0x00000007c0000000)
  eden space 137728K, 100% used [0x0000000715b00000,0x000000071e180000,0x000000071e180000)
  from space 34816K, 1% used [0x0000000720e80000,0x0000000720ee8000,0x0000000723080000)
  to   space 40448K, 0% used [0x000000071e180000,0x000000071e180000,0x0000000720900000)
 ParOldGen       total 430592K, used 204669K [0x00000005c1000000, 0x00000005db480000, 0x0000000715b00000)
  object space 430592K, 47% used [0x00000005c1000000,0x00000005cd7df638,0x00000005db480000)
 Metaspace       used 22874K, capacity 23622K, committed 23808K, reserved 1071104K
  class space    used 2813K, capacity 3012K, committed 3072K, reserved 1048576K
Event: 421.267 GC heap after
Heap after GC invocations=23 (full 2):
 PSYoungGen      total 135680K, used 256K [0x0000000715b00000, 0x0000000722900000, 0x00000007c0000000)
  eden space 135168K, 0% used [0x0000000715b00000,0x0000000715b00000,0x000000071df00000)
  from space 512K, 50% used [0x000000071e180000,0x000000071e1c0000,0x000000071e200000)
  to   space 37888K, 0% used [0x0000000720400000,0x0000000720400000,0x0000000722900000)
 ParOldGen       total 430592K, used 204709K [0x00000005c1000000, 0x00000005db480000, 0x0000000715b00000)
  object space 430592K, 47% used [0x00000005c1000000,0x00000005cd7e9638,0x00000005db480000)
 Metaspace       used 22874K, capacity 23622K, committed 23808K, reserved 1071104K
  class space    used 2813K, capacity 3012K, committed 3072K, reserved 1048576K
}
Event: 427.756 GC heap before
{Heap before GC invocations=24 (full 2):
 PSYoungGen      total 135680K, used 135424K [0x0000000715b00000, 0x0000000722900000, 0x00000007c0000000)
  eden space 135168K, 100% used [0x0000000715b00000,0x000000071df00000,0x000000071df00000)
  from space 512K, 50% used [0x000000071e180000,0x000000071e1c0000,0x000000071e200000)
  to   space 37888K, 0% used [0x0000000720400000,0x0000000720400000,0x0000000722900000)
 ParOldGen       total 430592K, used 204709K [0x00000005c1000000, 0x00000005db480000, 0x0000000715b00000)
  object space 430592K, 47% used [0x00000005c1000000,0x00000005cd7e9638,0x00000005db480000)
 Metaspace       used 22874K, capacity 23622K, committed 23808K, reserved 1071104K
  class space    used 2813K, capacity 3012K, committed 3072K, reserved 1048576K
Event: 427.758 GC heap after
Heap after GC invocations=24 (full 2):
 PSYoungGen      total 162816K, used 384K [0x0000000715b00000, 0x0000000722180000, 0x00000007c0000000)
  eden space 132608K, 0% used [0x0000000715b00000,0x0000000715b00000,0x000000071dc80000)
  from space 30208K, 1% used [0x0000000720400000,0x0000000720460000,0x0000000722180000)
  to   space 35328K, 0% used [0x000000071dc80000,0x000000071dc80000,0x000000071ff00000)
 ParOldGen       total 430592K, used 204765K [0x00000005c1000000, 0x00000005db480000, 0x0000000715b00000)
  object space 430592K, 47% used [0x00000005c1000000,0x00000005cd7f7638,0x00000005db480000)
 Metaspace       used 22874K, capacity 23622K, committed 23808K, reserved 1071104K
  class space    used 2813K, capacity 3012K, committed 3072K, reserved 1048576K
}
Event: 434.092 GC heap before
{Heap before GC invocations=25 (full 2):
 PSYoungGen      total 162816K, used 132992K [0x0000000715b00000, 0x0000000722180000, 0x00000007c0000000)
  eden space 132608K, 100% used [0x0000000715b00000,0x000000071dc80000,0x000000071dc80000)
  from space 30208K, 1% used [0x0000000720400000,0x0000000720460000,0x0000000722180000)
  to   space 35328K, 0% used [0x000000071dc80000,0x000000071dc80000,0x000000071ff00000)
 ParOldGen       total 430592K, used 204765K [0x00000005c1000000, 0x00000005db480000, 0x0000000715b00000)
  object space 430592K, 47% used [0x00000005c1000000,0x00000005cd7f7638,0x00000005db480000)
 Metaspace       used 22874K, capacity 23622K, committed 23808K, reserved 1071104K
  class space    used 2813K, capacity 3012K, committed 3072K, reserved 1048576K
Event: 434.095 GC heap after
Heap after GC invocations=25 (full 2):
 PSYoungGen      total 130560K, used 384K [0x0000000715b00000, 0x0000000721a00000, 0x00000007c0000000)
  eden space 130048K, 0% used [0x0000000715b00000,0x0000000715b00000,0x000000071da00000)
  from space 512K, 75% used [0x000000071dc80000,0x000000071dce0000,0x000000071dd00000)
  to   space 32768K, 0% used [0x000000071fa00000,0x000000071fa00000,0x0000000721a00000)
 ParOldGen       total 430592K, used 204861K [0x00000005c1000000, 0x00000005db480000, 0x0000000715b00000)
  object space 430592K, 47% used [0x00000005c1000000,0x00000005cd80f638,0x00000005db480000)
 Metaspace       used 22874K, capacity 23622K, committed 23808K, reserved 1071104K
  class space    used 2813K, capacity 3012K, committed 3072K, reserved 1048576K
}
Event: 438.487 GC heap before
{Heap before GC invocations=26 (full 2):
 PSYoungGen      total 130560K, used 130432K [0x0000000715b00000, 0x0000000721a00000, 0x00000007c0000000)
  eden space 130048K, 100% used [0x0000000715b00000,0x000000071da00000,0x000000071da00000)
  from space 512K, 75% used [0x000000071dc80000,0x000000071dce0000,0x000000071dd00000)
  to   space 32768K, 0% used [0x000000071fa00000,0x000000071fa00000,0x0000000721a00000)
 ParOldGen       total 430592K, used 204861K [0x00000005c1000000, 0x00000005db480000, 0x0000000715b00000)
  object space 430592K, 47% used [0x00000005c1000000,0x00000005cd80f638,0x00000005db480000)
 Metaspace       used 22874K, capacity 23622K, committed 23808K, reserved 1071104K
  class space    used 2813K, capacity 3012K, committed 3072K, reserved 1048576K
Event: 438.489 GC heap after
Heap after GC invocations=26 (full 2):
 PSYoungGen      total 153600K, used 352K [0x0000000715b00000, 0x0000000721300000, 0x00000007c0000000)
  eden space 128000K, 0% used [0x0000000715b00000,0x0000000715b00000,0x000000071d800000)
  from space 25600K, 1% used [0x000000071fa00000,0x000000071fa58000,0x0000000721300000)
  to   space 30208K, 0% used [0x000000071d800000,0x000000071d800000,0x000000071f580000)
 ParOldGen       total 430592K, used 204877K [0x00000005c1000000, 0x00000005db480000, 0x0000000715b00000)
  object space 430592K, 47% used [0x00000005c1000000,0x00000005cd813638,0x00000005db480000)
 Metaspace       used 22874K, capacity 23622K, committed 23808K, reserved 1071104K
  class space    used 2813K, capacity 3012K, committed 3072K, reserved 1048576K
}

